<?xml version="1.0" encoding="UTF-8" ?>
<!DOCTYPE html PUBLIC "-//W3C//DTD XHTML 1.0 Transitional//EN"
        "http://www.w3.org/TR/xhtml1/DTD/xhtml1-transitional.dtd">
<html xmlns="http://www.w3.org/1999/xhtml">
<head>
    <title>Errors Building Titanium Projects</title>

    <meta http-equiv="Content-Type" content="text/html; charset=UTF-8">
    <meta content="Scroll EclipseHelp Exporter" name="generator">

    <link type="text/css" rel="stylesheet">
    <link type="text/css" rel="stylesheet">
    <link type="text/css" rel="stylesheet" media="print">
</link></link></link></meta></meta></head>
<body>
    <div class="container">
        <div class="header"/>

        <div id="src-30083288" class="content">
                        <h1>Errors Building Titanium Projects</h1>
    <div class="section section-2 " id="src-30083288_safe-id-RXJyb3JzQnVpbGRpbmdUaXRhbml1bVByb2plY3RzLS8qPCFbQ0RBVEFbKi9kaXYucmJ0b2MxNTYyODU5MDMwMjkxe3BhZGRpbmc6MHB4O31kaXYucmJ0b2MxNTYyODU5MDMwMjkxdWx7bGlzdC1zdHlsZTpkaXNjO21hcmdpbi1sZWZ0OjBweDt9ZGl2LnJidG9jMTU2Mjg1OTAzMDI5MWxpe21hcmdpbi1sZWZ0OjBweDtwYWRkaW5nLWxlZnQ6MHB4O30vKl1dPiovT3ZlcnZpZXcjRXJyb3JzQnVpbGRpbmdUaXRhbml1bVByb2plY3RzLU92ZXJ2aWV3UnVu">
        <h2 class="heading "><span>/*&lt;![CDATA[*/
div.rbtoc1562859030291 {padding: 0px;}
div.rbtoc1562859030291 ul {list-style: disc;margin-left: 0px;}
div.rbtoc1562859030291 li {margin-left: 0px;padding-left: 0px;}

/*]]&gt;*/</span></h2>
<ul class="toc-indentation "><li class=" ">    <p><a class="document-link " href="#!/guide/Errors_Building_Titanium_Projects-section-src-30083288_ErrorsBuildingTitaniumProjects-Overview">Overview</a>    </p>
</li><li class=" ">    <p><a class="document-link " href="#!/guide/Errors_Building_Titanium_Projects-section-src-30083288_safe-id-RXJyb3JzQnVpbGRpbmdUaXRhbml1bVByb2plY3RzLVJ1bi9EZWJ1Z2ljb25zYXJlZ3JleWVkb3V0">Run/Debug icons are greyed out</a>    </p>
</li><li class=" ">    <p><a class="document-link " href="#!/guide/Errors_Building_Titanium_Projects-section-src-30083288_ErrorsBuildingTitaniumProjects-Builderrorinconsoleoutput">Build error in console output</a>    </p>
</li><li class=" ">    <p><a class="document-link " href="#!/guide/Errors_Building_Titanium_Projects-section-src-30083288_safe-id-RXJyb3JzQnVpbGRpbmdUaXRhbml1bVByb2plY3RzLUJ1aWxkZXJyb3I6Tm9zdWNoZmlsZW9yZGlyZWN0b3J5">Build error: No such file or directory</a>    </p>
</li><li class=" ">    <p><a class="document-link " href="#!/guide/Errors_Building_Titanium_Projects-section-src-30083288_safe-id-RXJyb3JzQnVpbGRpbmdUaXRhbml1bVByb2plY3RzLUluc3RhbGxFcnJvcjpJTlNUQUxMX0ZBSUxFRF9NSVNTSU5HX1NIQVJFRF9MSUJSQVJZ">Install Error: INSTALL_FAILED_MISSING_SHARED_LIBRARY</a>    </p>
</li><li class=" ">    <p><a class="document-link " href="#!/guide/Errors_Building_Titanium_Projects-section-src-30083288_ErrorsBuildingTitaniumProjects-Xcodenotinstalled">Xcode not installed</a>    </p>
</li><li class=" ">    <p><a class="document-link " href="#!/guide/Errors_Building_Titanium_Projects-section-src-30083288_ErrorsBuildingTitaniumProjects-Thedirectory...contains2projects">The directory ... contains 2 projects</a>    </p>
</li></ul>    </div>
    <div class="section section-2 " id="src-30083288_ErrorsBuildingTitaniumProjects-Overview">
        <h2 class="heading "><span>Overview</span></h2>
    <p>Errors while building a Titanium project are usually due to configuration issues. The most common problems and possible solutions are posted here.    </p>
    </div>
    <div class="section section-2 " id="src-30083288_safe-id-RXJyb3JzQnVpbGRpbmdUaXRhbml1bVByb2plY3RzLVJ1bi9EZWJ1Z2ljb25zYXJlZ3JleWVkb3V0">
        <h2 class="heading "><span>Run/Debug icons are greyed out</span></h2>
    <p>This occurs when a project isn&apos;t recognized as a Titanium project. You can check whether the project has the correct type by looking at the project folder in the <strong class=" ">Navigator</strong> or <strong class=" ">Project Explorer</strong> view. If the type is set correctly, the folder should have an &quot;M&quot; icon (for Mobile) or a &quot;D&quot; icon (for Desktop). If the icon is missing, the project type is set incorrectly.    </p>
<ol class=" "><li class=" ">    <p>Follow the steps in <a class="document-link " href="#!/guide/Changing_Your_Project_Type">Changing Your Project Type</a>, choosing the settings for Titanium Mobile or Titanium Desktop.    </p>
</li><li class=" ">    <p>After changing the project type, you may need to restart Studio.    </p>
</li></ol>    </div>
    <div class="section section-2 " id="src-30083288_ErrorsBuildingTitaniumProjects-Builderrorinconsoleoutput">
        <h2 class="heading "><span>Build error in console output</span></h2>
    <p>Sometimes your project fails to build, but it&apos;s not clear if it&apos;s an issue with Studio, or perhaps there is a bug in the SDK. To isolate this problem, you can try building from the command line using the exact same parameters as Studio.    </p>
<ol class=" "><li class=" ">    <p>Open the Studio <strong class=" ">Preferences</strong> dialog and navigate to<strong class=" "> Studio &gt; Troubleshooting</strong>.    </p>
<ol class=" "><li class=" ">    <p>Push the slider all the way to the right to &quot;All&quot;    </p>
</li><li class=" ">    <p>Check on &quot;debug specific components&quot;    </p>
</li><li class=" ">    <p>Check on &quot;com.aptana.core/debug/shell&quot;    </p>
</li></ol></li><li class=" ">    <p>Save and exit the preference menu    </p>
</li><li class=" ">    <p>Re-run the build. View the Studio log file (<strong class=" ">Help &gt; Studio &gt; View Log file</strong>)    </p>
</li><li class=" ">    <p>You should see an entry like:    </p>
    <div class="confbox programlisting defaultnew syntaxhighlighter scroll-html-formatted-code">
                <div xmlns="http://www.w3.org/1999/xhtml" class="defaultnew syntaxhighlighter scroll-html-formatted-code">
<div class="line"><code class="plain">!ENTRY com.aptana.core </code><code class="value">1</code><code class="plain"> </code><code class="value">0</code><code class="plain"> </code><code class="value">2011</code><code class="plain">-</code><code class="value">10</code><code class="plain">-</code><code class="value">26</code><code class="plain"> </code><code class="value">06</code><code class="plain">:</code><code class="value">54</code><code class="plain">:</code><code class="value">16.525</code></div>
<div class="line"><code class="plain">!MESSAGE (Build </code><code class="value">3.0</code><code class="plain">.</code><code class="value">4</code><code class="plain">.qualifier) [INFO] com.aptana.core/debug/shell Running process:</code></div>
<div class="line"><code class="plain">Process: </code><code class="string">&quot;/usr/bin/python&quot;</code><code class="plain"> </code><code class="string">&quot;/Library/Application Support/Titanium/mobilesdk/osx/1.7.2/iphone/builder.py&quot;</code><code class="plain"> </code><code class="string">&quot;simulator&quot;</code><code class="plain"> </code><code class="string">&quot;4.3&quot;</code><code class="plain"> </code><code class="string">&quot;/Users/ingo/Documents/Aptana Studio 3 Workspace/testmobil&quot;</code><code class="plain"> </code><code class="string">&quot;com.app&quot;</code><code class="plain"> </code><code class="string">&quot;testmobil&quot;</code><code class="plain"> </code><code class="string">&quot;universal&quot;</code><code class="plain"> </code><code class="string">&quot;iphone&quot;</code><code class="plain"> </code><code class="string">&quot;&quot;</code></div>
<div class="line"><code class="plain">Working directory: </code><code class="keyword">null</code></div>
<div class="line"><code class="plain">Environment: </code><code class="keyword">null</code></div>
</div>
    </div>
</li><li class=" ">    <p>Open a terminal window and paste in the first line (the whole line, starting with the reference to Python), as shown below:    </p>
    <img src="images/download/attachments/30083288/Screen_Shot_2011-10-26_at_6.57.37_AM.png" alt="images/download/attachments/30083288/Screen_Shot_2011-10-26_at_6.57.37_AM.png" class="confluence-embedded-image confluence-content-image-border">
    </img></li></ol>    <p>Does the process give the same error?    </p>
    </div>
    <div class="section section-2 " id="src-30083288_safe-id-RXJyb3JzQnVpbGRpbmdUaXRhbml1bVByb2plY3RzLUJ1aWxkZXJyb3I6Tm9zdWNoZmlsZW9yZGlyZWN0b3J5">
        <h2 class="heading "><span>Build error: No such file or directory</span></h2>
    <p>This can be caused by a few different issues:    </p>
<ol class=" "><li class=" ">    <p>You are running an incompatible version of XCode. Upgrade to the latest version.    </p>
</li><li class=" ">    <p>You have not correctly installed the Java JDK.    </p>
</li></ol>    </div>
    <div class="section section-2 " id="src-30083288_safe-id-RXJyb3JzQnVpbGRpbmdUaXRhbml1bVByb2plY3RzLUluc3RhbGxFcnJvcjpJTlNUQUxMX0ZBSUxFRF9NSVNTSU5HX1NIQVJFRF9MSUJSQVJZ">
        <h2 class="heading "><span>Install Error: INSTALL_FAILED_MISSING_SHARED_LIBRARY</span></h2>
    <p>When launching an Android application on the emulator, you may run into the following error:    </p>
    <div class="confbox programlisting defaultnew syntaxhighlighter scroll-html-formatted-code">
                <div xmlns="http://www.w3.org/1999/xhtml" class="defaultnew syntaxhighlighter scroll-html-formatted-code">
<div class="line"><code class="plain">[ERROR] Failed installing com.appcelerator.titanium: 	pkg: /data/local/tmp/app.apk</code></div>
<div class="line"><code class="plain">Failure [INSTALL_FAILED_MISSING_SHARED_LIBRARY]</code></div>
</div>
    </div>
    <p>There are a few possible fixes.    </p>
<ol class=" "><li class=" ">    <p>Check that your launch configuration uses the <i class=" ">&apos;Google APIs&apos;</i> Android version (e.g. &apos;Google APIs Android 2.2&apos;).    </p>
</li><li class=" ">    <p>Kill the emulator (<i class=" ">adb</i>) process, and relaunch the application through your launch-configurations.    </p>
</li></ol>    </div>
    <div class="section section-2 " id="src-30083288_ErrorsBuildingTitaniumProjects-Xcodenotinstalled">
        <h2 class="heading "><span>Xcode not installed</span></h2>
    <p>Studio reports that Xcode is not installed, even though you believe it is. This appears to be caused by a bad install of Xcode. Uninstalling and reinstalling Xcode has fixed the issue in every case so far.    </p>
    <p>You can double check the install location of Xcode by typing the following in Terminal:    </p>
    <div class="confbox programlisting defaultnew syntaxhighlighter scroll-html-formatted-code">
                <div xmlns="http://www.w3.org/1999/xhtml" class="defaultnew syntaxhighlighter scroll-html-formatted-code">
<div class="line"><code class="plain">xcode-select -print-path</code></div>
</div>
    </div>
    <p>Which should print something like &apos;/Developer&apos;    </p>
    </div>
    <div class="section section-2 " id="src-30083288_ErrorsBuildingTitaniumProjects-Thedirectory...contains2projects">
        <h2 class="heading "><span>The directory ... contains 2 projects</span></h2>
    <p>This can happen when renaming an application. To fix this, delete the contents of <strong class=" ">build/iphone</strong> and re-build.    </p>
    </div>
        </div><a id="editButton" href="https://wiki.appcelerator.org/pages/editpage.action?pageId=30083288"><span>Edit</span></a>
    
        
    </div>
</body>
</html>
